Using pre-set license
Built from '2020.3/release' branch; Version is '2020.3.7f1 (dd97f2c94397) revision 14522354'; Using compiler version '192528614'; Build Type 'Release'
OS: 'Windows 8.1  (6.3.0) 64bit' Language: 'en' Physical Memory: 16337 MB
BatchMode: 1, IsHumanControllingUs: 0, StartBugReporterOnCrash: 0, Is64bit: 1, IsPro: 0

 COMMAND LINE ARGUMENTS:
F:\Unity\Versions\2020.3.7f1\Editor\Unity.exe
-adb2
-batchMode
-noUpm
-name
AssetImportWorker0
-projectPath
F:/Unity/Projects/Ability Tree
-logFile
Logs/AssetImportWorker0.log
-srvPort
59613
Successfully changed project path to: F:/Unity/Projects/Ability Tree
F:/Unity/Projects/Ability Tree
Using Asset Import Pipeline V2.
Refreshing native plugins compatible for Editor in 55.43 ms, found 1 plugins.
Preloading 0 native plugins for Editor in 0.00 ms.
Initialize engine version: 2020.3.7f1 (dd97f2c94397)
[Subsystems] Discovering subsystems at path F:/Unity/Versions/2020.3.7f1/Editor/Data/Resources/UnitySubsystems
[Subsystems] Discovering subsystems at path F:/Unity/Projects/Ability Tree/Assets
GfxDevice: creating device client; threaded=0
d3d11: QueryInterface(IDXGIFactory5) failed (80004002).
Direct3D:
    Version:  Direct3D 11.0 [level 11.0]
    Renderer: NVIDIA GeForce GTX 760 (ID=0x1187)
    Vendor:   
    VRAM:     1947 MB
    Driver:   26.21.14.4575
Initialize mono
Mono path[0] = 'F:/Unity/Versions/2020.3.7f1/Editor/Data/Managed'
Mono path[1] = 'F:/Unity/Versions/2020.3.7f1/Editor/Data/MonoBleedingEdge/lib/mono/unityjit'
Mono config path = 'F:/Unity/Versions/2020.3.7f1/Editor/Data/MonoBleedingEdge/etc'
Using monoOptions --debugger-agent=transport=dt_socket,embedding=1,server=y,suspend=n,address=127.0.0.1:56072
Begin MonoManager ReloadAssembly
Registering precompiled unity dll's ...
Register platform support module: F:/Unity/Versions/2020.3.7f1/Editor/Data/PlaybackEngines/WebGLSupport/UnityEditor.WebGL.Extensions.dll
Register platform support module: F:/Unity/Versions/2020.3.7f1/Editor/Data/PlaybackEngines/WindowsStandaloneSupport/UnityEditor.WindowsStandalone.Extensions.dll
Register platform support module: F:/Unity/Versions/2020.3.7f1/Editor/Data/PlaybackEngines/LinuxStandaloneSupport/UnityEditor.LinuxStandalone.Extensions.dll
Registered in 0.003891 seconds.
Native extension for LinuxStandalone target not found
Native extension for WindowsStandalone target not found
Native extension for WebGL target not found
Refreshing native plugins compatible for Editor in 53.41 ms, found 1 plugins.
Preloading 0 native plugins for Editor in 0.00 ms.
Mono: successfully reloaded assembly
- Completed reload, in 10.632 seconds
Platform modules already initialized, skipping
Registering precompiled user dll's ...
Registered in 0.002021 seconds.
Begin MonoManager ReloadAssembly
Native extension for LinuxStandalone target not found
Native extension for WindowsStandalone target not found
Native extension for WebGL target not found
Refreshing native plugins compatible for Editor in 176.87 ms, found 1 plugins.
Preloading 0 native plugins for Editor in 0.00 ms.
Mono: successfully reloaded assembly
- Completed reload, in  5.037 seconds
Platform modules already initialized, skipping
========================================================================
Worker process is ready to serve import requests
Launched and connected shader compiler UnityShaderCompiler.exe after 0.07 seconds
Refreshing native plugins compatible for Editor in 0.46 ms, found 1 plugins.
Preloading 0 native plugins for Editor in 0.00 ms.
Unloading 1853 Unused Serialized files (Serialized files now loaded: 0)
System memory in use before: 88.0 MB.
System memory in use after: 88.0 MB.

Unloading 21 unused Assets to reduce memory usage. Loaded Objects now: 2305.
Total: 2.322827 ms (FindLiveObjects: 0.206451 ms CreateObjectMapping: 0.085884 ms MarkObjects: 1.933707 ms  DeleteObjects: 0.094803 ms)

========================================================================
Received Import Request.
  path: Assets/Scripts/Dynamic Talent Tree/DynamicTalentTreeCreator.cs
  artifactKey: Guid(2b097264bd72a0b4dab3fd34d00446bc) Importer(815301076,1909f56bfc062723c751e8b465ee728b)
Start importing Assets/Scripts/Dynamic Talent Tree/DynamicTalentTreeCreator.cs using Guid(2b097264bd72a0b4dab3fd34d00446bc) Importer(815301076,1909f56bfc062723c751e8b465ee728b)  -> (artifact id: '32351d560973030b14a4f33efa00dff1') in 0.038433 seconds
  Import took 0.042471 seconds .

========================================================================
Received Import Request.
  Time since last request: 199.751687 seconds.
  path: Assets/Scripts/Dynamic Talent Tree/DynamicTalentTreeCreator.cs
  artifactKey: Guid(2b097264bd72a0b4dab3fd34d00446bc) Importer(815301076,1909f56bfc062723c751e8b465ee728b)
Start importing Assets/Scripts/Dynamic Talent Tree/DynamicTalentTreeCreator.cs using Guid(2b097264bd72a0b4dab3fd34d00446bc) Importer(815301076,1909f56bfc062723c751e8b465ee728b)  -> (artifact id: '3d9c08f6b7273212af8a5373b413dd4f') in 0.054332 seconds
  Import took 0.058957 seconds .

========================================================================
Received Prepare
Registering precompiled user dll's ...
Registered in 0.002074 seconds.
Begin MonoManager ReloadAssembly
Native extension for LinuxStandalone target not found
Native extension for WindowsStandalone target not found
Native extension for WebGL target not found
Refreshing native plugins compatible for Editor in 0.45 ms, found 1 plugins.
Preloading 0 native plugins for Editor in 0.00 ms.
Mono: successfully reloaded assembly
- Completed reload, in  1.040 seconds
Platform modules already initialized, skipping
Refreshing native plugins compatible for Editor in 0.46 ms, found 1 plugins.
Preloading 0 native plugins for Editor in 0.00 ms.
Unloading 1830 Unused Serialized files (Serialized files now loaded: 0)
System memory in use before: 86.2 MB.
System memory in use after: 86.3 MB.

Unloading 10 unused Assets to reduce memory usage. Loaded Objects now: 2308.
Total: 2.355529 ms (FindLiveObjects: 0.207112 ms CreateObjectMapping: 0.076965 ms MarkObjects: 2.042053 ms  DeleteObjects: 0.027747 ms)

========================================================================
Received Import Request.
  Time since last request: 113.190209 seconds.
  path: Assets/Scripts/Dynamic Talent Tree/DynamicTalentTreeCreator.cs
  artifactKey: Guid(2b097264bd72a0b4dab3fd34d00446bc) Importer(815301076,1909f56bfc062723c751e8b465ee728b)
Start importing Assets/Scripts/Dynamic Talent Tree/DynamicTalentTreeCreator.cs using Guid(2b097264bd72a0b4dab3fd34d00446bc) Importer(815301076,1909f56bfc062723c751e8b465ee728b)  -> (artifact id: '3fe2fc5af869af11648de9d2043e2667') in 0.039125 seconds
  Import took 0.043537 seconds .

========================================================================
Received Prepare
Registering precompiled user dll's ...
Registered in 0.001893 seconds.
Begin MonoManager ReloadAssembly
Native extension for LinuxStandalone target not found
Native extension for WindowsStandalone target not found
Native extension for WebGL target not found
Refreshing native plugins compatible for Editor in 0.44 ms, found 1 plugins.
Preloading 0 native plugins for Editor in 0.00 ms.
Mono: successfully reloaded assembly
- Completed reload, in  1.083 seconds
Platform modules already initialized, skipping
Refreshing native plugins compatible for Editor in 0.46 ms, found 1 plugins.
Preloading 0 native plugins for Editor in 0.00 ms.
Unloading 1830 Unused Serialized files (Serialized files now loaded: 0)
System memory in use before: 86.2 MB.
System memory in use after: 86.3 MB.

Unloading 10 unused Assets to reduce memory usage. Loaded Objects now: 2311.
Total: 2.191689 ms (FindLiveObjects: 0.208433 ms CreateObjectMapping: 0.077626 ms MarkObjects: 1.878873 ms  DeleteObjects: 0.025765 ms)

========================================================================
Received Import Request.
  Time since last request: 9.272897 seconds.
  path: Assets/Scripts/Dynamic Talent Tree/DynamicTalentTreeCreator.cs
  artifactKey: Guid(2b097264bd72a0b4dab3fd34d00446bc) Importer(815301076,1909f56bfc062723c751e8b465ee728b)
Start importing Assets/Scripts/Dynamic Talent Tree/DynamicTalentTreeCreator.cs using Guid(2b097264bd72a0b4dab3fd34d00446bc) Importer(815301076,1909f56bfc062723c751e8b465ee728b)  -> (artifact id: '545a12f4f555eef55fabca379995ddc2') in 0.009382 seconds
  Import took 0.013569 seconds .

